[2022-04-21 23:34:09] local.ERROR: Required @OA\Info() not found {"exception":"[object] (ErrorException(code: 0): Required @OA\\Info() not found at /var/www/vendor/zircote/swagger-php/src/Loggers/DefaultLogger.php:31)
[stacktrace]
#0 [internal function]: Illuminate\\Foundation\\Bootstrap\\HandleExceptions->handleError(512, 'Required @OA\\\\In...', '/var/www/vendor...', 31, Array)
#1 /var/www/vendor/zircote/swagger-php/src/Loggers/DefaultLogger.php(31): trigger_error('Required @OA\\\\In...', 512)
#2 /var/www/vendor/psr/log/Psr/Log/AbstractLogger.php(85): OpenApi\\Loggers\\DefaultLogger->log('warning', 'Required @OA\\\\In...', Array)
#3 /var/www/vendor/zircote/swagger-php/src/Annotations/AbstractAnnotation.php(478): Psr\\Log\\AbstractLogger->warning('Required @OA\\\\In...')
#4 /var/www/vendor/zircote/swagger-php/src/Annotations/OpenApi.php(151): OpenApi\\Annotations\\AbstractAnnotation->validate(Array, Array, '#', Object(stdClass))
#5 /var/www/vendor/zircote/swagger-php/src/Analysis.php(438): OpenApi\\Annotations\\OpenApi->validate()
#6 /var/www/vendor/zircote/swagger-php/src/Generator.php(363): OpenApi\\Analysis->validate()
#7 /var/www/vendor/darkaonline/l5-swagger/src/Generator.php(189): OpenApi\\Generator->generate(Object(Symfony\\Component\\Finder\\Finder), Object(OpenApi\\Analysis))
#8 /var/www/vendor/darkaonline/l5-swagger/src/Generator.php(130): L5Swagger\\Generator->scanFilesForDocumentation()
#9 /var/www/vendor/darkaonline/l5-swagger/src/Console/GenerateDocsCommand.php(72): L5Swagger\\Generator->generateDocs()
#10 /var/www/vendor/darkaonline/l5-swagger/src/Console/GenerateDocsCommand.php(58): L5Swagger\\Console\\GenerateDocsCommand->generateDocumentation(Object(L5Swagger\\GeneratorFactory), 'default')
#11 /var/www/vendor/laravel/framework/src/Illuminate/Container/BoundMethod.php(36): L5Swagger\\Console\\GenerateDocsCommand->handle(Object(L5Swagger\\GeneratorFactory))
#12 /var/www/vendor/laravel/framework/src/Illuminate/Container/Util.php(40): Illuminate\\Container\\BoundMethod::Illuminate\\Container\\{closure}()
#13 /var/www/vendor/laravel/framework/src/Illuminate/Container/BoundMethod.php(93): Illuminate\\Container\\Util::unwrapIfClosure(Object(Closure))
#14 /var/www/vendor/laravel/framework/src/Illuminate/Container/BoundMethod.php(37): Illuminate\\Container\\BoundMethod::callBoundMethod(Object(Illuminate\\Foundation\\Application), Array, Object(Closure))
#15 /var/www/vendor/laravel/framework/src/Illuminate/Container/Container.php(653): Illuminate\\Container\\BoundMethod::call(Object(Illuminate\\Foundation\\Application), Array, Array, NULL)
#16 /var/www/vendor/laravel/framework/src/Illuminate/Console/Command.php(136): Illuminate\\Container\\Container->call(Array)
#17 /var/www/vendor/symfony/console/Command/Command.php(298): Illuminate\\Console\\Command->execute(Object(Symfony\\Component\\Console\\Input\\ArgvInput), Object(Illuminate\\Console\\OutputStyle))
#18 /var/www/vendor/laravel/framework/src/Illuminate/Console/Command.php(121): Symfony\\Component\\Console\\Command\\Command->run(Object(Symfony\\Component\\Console\\Input\\ArgvInput), Object(Illuminate\\Console\\OutputStyle))
#19 /var/www/vendor/symfony/console/Application.php(1015): Illuminate\\Console\\Command->run(Object(Symfony\\Component\\Console\\Input\\ArgvInput), Object(Symfony\\Component\\Console\\Output\\ConsoleOutput))
#20 /var/www/vendor/symfony/console/Application.php(299): Symfony\\Component\\Console\\Application->doRunCommand(Object(L5Swagger\\Console\\GenerateDocsCommand), Object(Symfony\\Component\\Console\\Input\\ArgvInput), Object(Symfony\\Component\\Console\\Output\\ConsoleOutput))
#21 /var/www/vendor/symfony/console/Application.php(171): Symfony\\Component\\Console\\Application->doRun(Object(Symfony\\Component\\Console\\Input\\ArgvInput), Object(Symfony\\Component\\Console\\Output\\ConsoleOutput))
#22 /var/www/vendor/laravel/framework/src/Illuminate/Console/Application.php(94): Symfony\\Component\\Console\\Application->run(Object(Symfony\\Component\\Console\\Input\\ArgvInput), Object(Symfony\\Component\\Console\\Output\\ConsoleOutput))
#23 /var/www/vendor/laravel/framework/src/Illuminate/Foundation/Console/Kernel.php(129): Illuminate\\Console\\Application->run(Object(Symfony\\Component\\Console\\Input\\ArgvInput), Object(Symfony\\Component\\Console\\Output\\ConsoleOutput))
#24 /var/www/artisan(37): Illuminate\\Foundation\\Console\\Kernel->handle(Object(Symfony\\Component\\Console\\Input\\ArgvInput), Object(Symfony\\Component\\Console\\Output\\ConsoleOutput))
#25 {main}
"} 
[2022-04-21 23:34:56] local.ERROR: [Syntax Error] Expected Doctrine\Common\Annotations\DocLexer::T_CLOSE_PARENTHESIS, got end of string.; file=/var/www/app/Http/Controllers/Controller.php {"exception":"[object] (ErrorException(code: 0): [Syntax Error] Expected Doctrine\\Common\\Annotations\\DocLexer::T_CLOSE_PARENTHESIS, got end of string.; file=/var/www/app/Http/Controllers/Controller.php at /var/www/vendor/zircote/swagger-php/src/Loggers/DefaultLogger.php:31)
[stacktrace]
#0 [internal function]: Illuminate\\Foundation\\Bootstrap\\HandleExceptions->handleError(512, '[Syntax Error] ...', '/var/www/vendor...', 31, Array)
#1 /var/www/vendor/zircote/swagger-php/src/Loggers/DefaultLogger.php(31): trigger_error('[Syntax Error] ...', 512)
#2 /var/www/vendor/psr/log/Psr/Log/AbstractLogger.php(69): OpenApi\\Loggers\\DefaultLogger->log('error', '[Syntax Error] ...', Array)
#3 /var/www/vendor/zircote/swagger-php/src/Analysers/DocBlockParser.php(67): Psr\\Log\\AbstractLogger->error('[Syntax Error] ...', Array)
#4 /var/www/vendor/zircote/swagger-php/src/Analysers/DocBlockAnnotationFactory.php(53): OpenApi\\Analysers\\DocBlockParser->fromComment('/**\
 * @OA\\\\Info...', Object(OpenApi\\Context))
#5 /var/www/vendor/zircote/swagger-php/src/Analysers/ReflectionAnalyser.php(116): OpenApi\\Analysers\\DocBlockAnnotationFactory->build(Object(ReflectionClass), Object(OpenApi\\Context))
#6 /var/www/vendor/zircote/swagger-php/src/Analysers/ReflectionAnalyser.php(54): OpenApi\\Analysers\\ReflectionAnalyser->analyzeFqdn('App\\\\Http\\\\Contro...', Object(OpenApi\\Analysis), Array)
#7 /var/www/vendor/zircote/swagger-php/src/Generator.php(388): OpenApi\\Analysers\\ReflectionAnalyser->fromFile('/var/www/app/Ht...', Object(OpenApi\\Context))
#8 /var/www/vendor/zircote/swagger-php/src/Generator.php(351): OpenApi\\Generator->scanSources(Object(Symfony\\Component\\Finder\\Finder), Object(OpenApi\\Analysis), Object(OpenApi\\Context))
#9 /var/www/vendor/darkaonline/l5-swagger/src/Generator.php(189): OpenApi\\Generator->generate(Object(Symfony\\Component\\Finder\\Finder), Object(OpenApi\\Analysis))
#10 /var/www/vendor/darkaonline/l5-swagger/src/Generator.php(130): L5Swagger\\Generator->scanFilesForDocumentation()
#11 /var/www/vendor/darkaonline/l5-swagger/src/Console/GenerateDocsCommand.php(72): L5Swagger\\Generator->generateDocs()
#12 /var/www/vendor/darkaonline/l5-swagger/src/Console/GenerateDocsCommand.php(58): L5Swagger\\Console\\GenerateDocsCommand->generateDocumentation(Object(L5Swagger\\GeneratorFactory), 'default')
#13 /var/www/vendor/laravel/framework/src/Illuminate/Container/BoundMethod.php(36): L5Swagger\\Console\\GenerateDocsCommand->handle(Object(L5Swagger\\GeneratorFactory))
#14 /var/www/vendor/laravel/framework/src/Illuminate/Container/Util.php(40): Illuminate\\Container\\BoundMethod::Illuminate\\Container\\{closure}()
#15 /var/www/vendor/laravel/framework/src/Illuminate/Container/BoundMethod.php(93): Illuminate\\Container\\Util::unwrapIfClosure(Object(Closure))
#16 /var/www/vendor/laravel/framework/src/Illuminate/Container/BoundMethod.php(37): Illuminate\\Container\\BoundMethod::callBoundMethod(Object(Illuminate\\Foundation\\Application), Array, Object(Closure))
#17 /var/www/vendor/laravel/framework/src/Illuminate/Container/Container.php(653): Illuminate\\Container\\BoundMethod::call(Object(Illuminate\\Foundation\\Application), Array, Array, NULL)
#18 /var/www/vendor/laravel/framework/src/Illuminate/Console/Command.php(136): Illuminate\\Container\\Container->call(Array)
#19 /var/www/vendor/symfony/console/Command/Command.php(298): Illuminate\\Console\\Command->execute(Object(Symfony\\Component\\Console\\Input\\ArgvInput), Object(Illuminate\\Console\\OutputStyle))
#20 /var/www/vendor/laravel/framework/src/Illuminate/Console/Command.php(121): Symfony\\Component\\Console\\Command\\Command->run(Object(Symfony\\Component\\Console\\Input\\ArgvInput), Object(Illuminate\\Console\\OutputStyle))
#21 /var/www/vendor/symfony/console/Application.php(1015): Illuminate\\Console\\Command->run(Object(Symfony\\Component\\Console\\Input\\ArgvInput), Object(Symfony\\Component\\Console\\Output\\ConsoleOutput))
#22 /var/www/vendor/symfony/console/Application.php(299): Symfony\\Component\\Console\\Application->doRunCommand(Object(L5Swagger\\Console\\GenerateDocsCommand), Object(Symfony\\Component\\Console\\Input\\ArgvInput), Object(Symfony\\Component\\Console\\Output\\ConsoleOutput))
#23 /var/www/vendor/symfony/console/Application.php(171): Symfony\\Component\\Console\\Application->doRun(Object(Symfony\\Component\\Console\\Input\\ArgvInput), Object(Symfony\\Component\\Console\\Output\\ConsoleOutput))
#24 /var/www/vendor/laravel/framework/src/Illuminate/Console/Application.php(94): Symfony\\Component\\Console\\Application->run(Object(Symfony\\Component\\Console\\Input\\ArgvInput), Object(Symfony\\Component\\Console\\Output\\ConsoleOutput))
#25 /var/www/vendor/laravel/framework/src/Illuminate/Foundation/Console/Kernel.php(129): Illuminate\\Console\\Application->run(Object(Symfony\\Component\\Console\\Input\\ArgvInput), Object(Symfony\\Component\\Console\\Output\\ConsoleOutput))
#26 /var/www/artisan(37): Illuminate\\Foundation\\Console\\Kernel->handle(Object(Symfony\\Component\\Console\\Input\\ArgvInput), Object(Symfony\\Component\\Console\\Output\\ConsoleOutput))
#27 {main}
"} 
[2022-04-21 23:35:00] local.ERROR: ErrorException: [Syntax Error] Expected Doctrine\Common\Annotations\DocLexer::T_CLOSE_PARENTHESIS, got end of string.; file=/var/www/app/Http/Controllers/Controller.php in /var/www/vendor/zircote/swagger-php/src/Loggers/DefaultLogger.php:31
Stack trace:
#0 [internal function]: Illuminate\Foundation\Bootstrap\HandleExceptions->handleError(512, '[Syntax Error] ...', '/var/www/vendor...', 31, Array)
#1 /var/www/vendor/zircote/swagger-php/src/Loggers/DefaultLogger.php(31): trigger_error('[Syntax Error] ...', 512)
#2 /var/www/vendor/psr/log/Psr/Log/AbstractLogger.php(69): OpenApi\Loggers\DefaultLogger->log('error', '[Syntax Error] ...', Array)
#3 /var/www/vendor/zircote/swagger-php/src/Analysers/DocBlockParser.php(67): Psr\Log\AbstractLogger->error('[Syntax Error] ...', Array)
#4 /var/www/vendor/zircote/swagger-php/src/Analysers/DocBlockAnnotationFactory.php(53): OpenApi\Analysers\DocBlockParser->fromComment('/**\n * @OA\\Info...', Object(OpenApi\Context))
#5 /var/www/vendor/zircote/swagger-php/src/Analysers/ReflectionAnalyser.php(116): OpenApi\Analysers\DocBlockAnnotationFactory->build(Object(ReflectionClass), Object(OpenApi\Context))
#6 /var/www/vendor/zircote/swagger-php/src/Analysers/ReflectionAnalyser.php(54): OpenApi\Analysers\ReflectionAnalyser->analyzeFqdn('App\\Http\\Contro...', Object(OpenApi\Analysis), Array)
#7 /var/www/vendor/zircote/swagger-php/src/Generator.php(388): OpenApi\Analysers\ReflectionAnalyser->fromFile('/var/www/app/Ht...', Object(OpenApi\Context))
#8 /var/www/vendor/zircote/swagger-php/src/Generator.php(351): OpenApi\Generator->scanSources(Object(Symfony\Component\Finder\Finder), Object(OpenApi\Analysis), Object(OpenApi\Context))
#9 /var/www/vendor/darkaonline/l5-swagger/src/Generator.php(189): OpenApi\Generator->generate(Object(Symfony\Component\Finder\Finder), Object(OpenApi\Analysis))
#10 /var/www/vendor/darkaonline/l5-swagger/src/Generator.php(130): L5Swagger\Generator->scanFilesForDocumentation()
#11 /var/www/vendor/darkaonline/l5-swagger/src/Http/Controllers/SwaggerController.php(63): L5Swagger\Generator->generateDocs()
#12 /var/www/vendor/laravel/framework/src/Illuminate/Routing/Controller.php(54): L5Swagger\Http\Controllers\SwaggerController->docs(Object(Illuminate\Http\Request), 'api-docs.json')
#13 /var/www/vendor/laravel/framework/src/Illuminate/Routing/ControllerDispatcher.php(45): Illuminate\Routing\Controller->callAction('docs', Array)
#14 /var/www/vendor/laravel/framework/src/Illuminate/Routing/Route.php(262): Illuminate\Routing\ControllerDispatcher->dispatch(Object(Illuminate\Routing\Route), Object(L5Swagger\Http\Controllers\SwaggerController), 'docs')
#15 /var/www/vendor/laravel/framework/src/Illuminate/Routing/Route.php(205): Illuminate\Routing\Route->runController()
#16 /var/www/vendor/laravel/framework/src/Illuminate/Routing/Router.php(721): Illuminate\Routing\Route->run()
#17 /var/www/vendor/laravel/framework/src/Illuminate/Pipeline/Pipeline.php(128): Illuminate\Routing\Router->Illuminate\Routing\{closure}(Object(Illuminate\Http\Request))
#18 /var/www/vendor/darkaonline/l5-swagger/src/Http/Middleware/Config.php(44): Illuminate\Pipeline\Pipeline->Illuminate\Pipeline\{closure}(Object(Illuminate\Http\Request))
#19 /var/www/vendor/laravel/framework/src/Illuminate/Pipeline/Pipeline.php(167): L5Swagger\Http\Middleware\Config->handle(Object(Illuminate\Http\Request), Object(Closure))
#20 /var/www/vendor/laravel/framework/src/Illuminate/Pipeline/Pipeline.php(103): Illuminate\Pipeline\Pipeline->Illuminate\Pipeline\{closure}(Object(Illuminate\Http\Request))
#21 /var/www/vendor/laravel/framework/src/Illuminate/Routing/Router.php(723): Illuminate\Pipeline\Pipeline->then(Object(Closure))
#22 /var/www/vendor/laravel/framework/src/Illuminate/Routing/Router.php(698): Illuminate\Routing\Router->runRouteWithinStack(Object(Illuminate\Routing\Route), Object(Illuminate\Http\Request))
#23 /var/www/vendor/laravel/framework/src/Illuminate/Routing/Router.php(662): Illuminate\Routing\Router->runRoute(Object(Illuminate\Http\Request), Object(Illuminate\Routing\Route))
#24 /var/www/vendor/laravel/framework/src/Illuminate/Routing/Router.php(651): Illuminate\Routing\Router->dispatchToRoute(Object(Illuminate\Http\Request))
#25 /var/www/vendor/laravel/framework/src/Illuminate/Foundation/Http/Kernel.php(167): Illuminate\Routing\Router->dispatch(Object(Illuminate\Http\Request))
#26 /var/www/vendor/laravel/framework/src/Illuminate/Pipeline/Pipeline.php(128): Illuminate\Foundation\Http\Kernel->Illuminate\Foundation\Http\{closure}(Object(Illuminate\Http\Request))
#27 /var/www/vendor/laravel/framework/src/Illuminate/Foundation/Http/Middleware/TransformsRequest.php(21): Illuminate\Pipeline\Pipeline->Illuminate\Pipeline\{closure}(Object(Illuminate\Http\Request))
#28 /var/www/vendor/laravel/framework/src/Illuminate/Foundation/Http/Middleware/ConvertEmptyStringsToNull.php(31): Illuminate\Foundation\Http\Middleware\TransformsRequest->handle(Object(Illuminate\Http\Request), Object(Closure))
#29 /var/www/vendor/laravel/framework/src/Illuminate/Pipeline/Pipeline.php(167): Illuminate\Foundation\Http\Middleware\ConvertEmptyStringsToNull->handle(Object(Illuminate\Http\Request), Object(Closure))
#30 /var/www/vendor/laravel/framework/src/Illuminate/Foundation/Http/Middleware/TransformsRequest.php(21): Illuminate\Pipeline\Pipeline->Illuminate\Pipeline\{closure}(Object(Illuminate\Http\Request))
#31 /var/www/vendor/laravel/framework/src/Illuminate/Foundation/Http/Middleware/TrimStrings.php(40): Illuminate\Foundation\Http\Middleware\TransformsRequest->handle(Object(Illuminate\Http\Request), Object(Closure))
#32 /var/www/vendor/laravel/framework/src/Illuminate/Pipeline/Pipeline.php(167): Illuminate\Foundation\Http\Middleware\TrimStrings->handle(Object(Illuminate\Http\Request), Object(Closure))
#33 /var/www/vendor/laravel/framework/src/Illuminate/Foundation/Http/Middleware/ValidatePostSize.php(27): Illuminate\Pipeline\Pipeline->Illuminate\Pipeline\{closure}(Object(Illuminate\Http\Request))
#34 /var/www/vendor/laravel/framework/src/Illuminate/Pipeline/Pipeline.php(167): Illuminate\Foundation\Http\Middleware\ValidatePostSize->handle(Object(Illuminate\Http\Request), Object(Closure))
#35 /var/www/vendor/laravel/framework/src/Illuminate/Foundation/Http/Middleware/PreventRequestsDuringMaintenance.php(86): Illuminate\Pipeline\Pipeline->Illuminate\Pipeline\{closure}(Object(Illuminate\Http\Request))
#36 /var/www/vendor/laravel/framework/src/Illuminate/Pipeline/Pipeline.php(167): Illuminate\Foundation\Http\Middleware\PreventRequestsDuringMaintenance->handle(Object(Illuminate\Http\Request), Object(Closure))
#37 /var/www/vendor/fruitcake/laravel-cors/src/HandleCors.php(38): Illuminate\Pipeline\Pipeline->Illuminate\Pipeline\{closure}(Object(Illuminate\Http\Request))
#38 /var/www/vendor/laravel/framework/src/Illuminate/Pipeline/Pipeline.php(167): Fruitcake\Cors\HandleCors->handle(Object(Illuminate\Http\Request), Object(Closure))
#39 /var/www/vendor/laravel/framework/src/Illuminate/Http/Middleware/TrustProxies.php(39): Illuminate\Pipeline\Pipeline->Illuminate\Pipeline\{closure}(Object(Illuminate\Http\Request))
#40 /var/www/vendor/laravel/framework/src/Illuminate/Pipeline/Pipeline.php(167): Illuminate\Http\Middleware\TrustProxies->handle(Object(Illuminate\Http\Request), Object(Closure))
#41 /var/www/vendor/laravel/framework/src/Illuminate/Pipeline/Pipeline.php(103): Illuminate\Pipeline\Pipeline->Illuminate\Pipeline\{closure}(Object(Illuminate\Http\Request))
#42 /var/www/vendor/laravel/framework/src/Illuminate/Foundation/Http/Kernel.php(142): Illuminate\Pipeline\Pipeline->then(Object(Closure))
#43 /var/www/vendor/laravel/framework/src/Illuminate/Foundation/Http/Kernel.php(111): Illuminate\Foundation\Http\Kernel->sendRequestThroughRouter(Object(Illuminate\Http\Request))
#44 /var/www/public/index.php(52): Illuminate\Foundation\Http\Kernel->handle(Object(Illuminate\Http\Request))
#45 {main}  
[2022-04-21 23:35:43] local.ERROR: Required @OA\Info() not found {"exception":"[object] (ErrorException(code: 0): Required @OA\\Info() not found at /var/www/vendor/zircote/swagger-php/src/Loggers/DefaultLogger.php:31)
[stacktrace]
#0 [internal function]: Illuminate\\Foundation\\Bootstrap\\HandleExceptions->handleError(512, 'Required @OA\\\\In...', '/var/www/vendor...', 31, Array)
#1 /var/www/vendor/zircote/swagger-php/src/Loggers/DefaultLogger.php(31): trigger_error('Required @OA\\\\In...', 512)
#2 /var/www/vendor/psr/log/Psr/Log/AbstractLogger.php(85): OpenApi\\Loggers\\DefaultLogger->log('warning', 'Required @OA\\\\In...', Array)
#3 /var/www/vendor/zircote/swagger-php/src/Annotations/AbstractAnnotation.php(478): Psr\\Log\\AbstractLogger->warning('Required @OA\\\\In...')
#4 /var/www/vendor/zircote/swagger-php/src/Annotations/OpenApi.php(151): OpenApi\\Annotations\\AbstractAnnotation->validate(Array, Array, '#', Object(stdClass))
#5 /var/www/vendor/zircote/swagger-php/src/Analysis.php(438): OpenApi\\Annotations\\OpenApi->validate()
#6 /var/www/vendor/zircote/swagger-php/src/Generator.php(363): OpenApi\\Analysis->validate()
#7 /var/www/vendor/darkaonline/l5-swagger/src/Generator.php(189): OpenApi\\Generator->generate(Object(Symfony\\Component\\Finder\\Finder), Object(OpenApi\\Analysis))
#8 /var/www/vendor/darkaonline/l5-swagger/src/Generator.php(130): L5Swagger\\Generator->scanFilesForDocumentation()
#9 /var/www/vendor/darkaonline/l5-swagger/src/Console/GenerateDocsCommand.php(72): L5Swagger\\Generator->generateDocs()
#10 /var/www/vendor/darkaonline/l5-swagger/src/Console/GenerateDocsCommand.php(58): L5Swagger\\Console\\GenerateDocsCommand->generateDocumentation(Object(L5Swagger\\GeneratorFactory), 'default')
#11 /var/www/vendor/laravel/framework/src/Illuminate/Container/BoundMethod.php(36): L5Swagger\\Console\\GenerateDocsCommand->handle(Object(L5Swagger\\GeneratorFactory))
#12 /var/www/vendor/laravel/framework/src/Illuminate/Container/Util.php(40): Illuminate\\Container\\BoundMethod::Illuminate\\Container\\{closure}()
#13 /var/www/vendor/laravel/framework/src/Illuminate/Container/BoundMethod.php(93): Illuminate\\Container\\Util::unwrapIfClosure(Object(Closure))
#14 /var/www/vendor/laravel/framework/src/Illuminate/Container/BoundMethod.php(37): Illuminate\\Container\\BoundMethod::callBoundMethod(Object(Illuminate\\Foundation\\Application), Array, Object(Closure))
#15 /var/www/vendor/laravel/framework/src/Illuminate/Container/Container.php(653): Illuminate\\Container\\BoundMethod::call(Object(Illuminate\\Foundation\\Application), Array, Array, NULL)
#16 /var/www/vendor/laravel/framework/src/Illuminate/Console/Command.php(136): Illuminate\\Container\\Container->call(Array)
#17 /var/www/vendor/symfony/console/Command/Command.php(298): Illuminate\\Console\\Command->execute(Object(Symfony\\Component\\Console\\Input\\ArgvInput), Object(Illuminate\\Console\\OutputStyle))
#18 /var/www/vendor/laravel/framework/src/Illuminate/Console/Command.php(121): Symfony\\Component\\Console\\Command\\Command->run(Object(Symfony\\Component\\Console\\Input\\ArgvInput), Object(Illuminate\\Console\\OutputStyle))
#19 /var/www/vendor/symfony/console/Application.php(1015): Illuminate\\Console\\Command->run(Object(Symfony\\Component\\Console\\Input\\ArgvInput), Object(Symfony\\Component\\Console\\Output\\ConsoleOutput))
#20 /var/www/vendor/symfony/console/Application.php(299): Symfony\\Component\\Console\\Application->doRunCommand(Object(L5Swagger\\Console\\GenerateDocsCommand), Object(Symfony\\Component\\Console\\Input\\ArgvInput), Object(Symfony\\Component\\Console\\Output\\ConsoleOutput))
#21 /var/www/vendor/symfony/console/Application.php(171): Symfony\\Component\\Console\\Application->doRun(Object(Symfony\\Component\\Console\\Input\\ArgvInput), Object(Symfony\\Component\\Console\\Output\\ConsoleOutput))
#22 /var/www/vendor/laravel/framework/src/Illuminate/Console/Application.php(94): Symfony\\Component\\Console\\Application->run(Object(Symfony\\Component\\Console\\Input\\ArgvInput), Object(Symfony\\Component\\Console\\Output\\ConsoleOutput))
#23 /var/www/vendor/laravel/framework/src/Illuminate/Foundation/Console/Kernel.php(129): Illuminate\\Console\\Application->run(Object(Symfony\\Component\\Console\\Input\\ArgvInput), Object(Symfony\\Component\\Console\\Output\\ConsoleOutput))
#24 /var/www/artisan(37): Illuminate\\Foundation\\Console\\Kernel->handle(Object(Symfony\\Component\\Console\\Input\\ArgvInput), Object(Symfony\\Component\\Console\\Output\\ConsoleOutput))
#25 {main}
"} 
[2022-04-21 23:36:25] local.ERROR: Required @OA\Info() not found {"exception":"[object] (ErrorException(code: 0): Required @OA\\Info() not found at /var/www/vendor/zircote/swagger-php/src/Loggers/DefaultLogger.php:31)
[stacktrace]
#0 [internal function]: Illuminate\\Foundation\\Bootstrap\\HandleExceptions->handleError(512, 'Required @OA\\\\In...', '/var/www/vendor...', 31, Array)
#1 /var/www/vendor/zircote/swagger-php/src/Loggers/DefaultLogger.php(31): trigger_error('Required @OA\\\\In...', 512)
#2 /var/www/vendor/psr/log/Psr/Log/AbstractLogger.php(85): OpenApi\\Loggers\\DefaultLogger->log('warning', 'Required @OA\\\\In...', Array)
#3 /var/www/vendor/zircote/swagger-php/src/Annotations/AbstractAnnotation.php(478): Psr\\Log\\AbstractLogger->warning('Required @OA\\\\In...')
#4 /var/www/vendor/zircote/swagger-php/src/Annotations/OpenApi.php(151): OpenApi\\Annotations\\AbstractAnnotation->validate(Array, Array, '#', Object(stdClass))
#5 /var/www/vendor/zircote/swagger-php/src/Analysis.php(438): OpenApi\\Annotations\\OpenApi->validate()
#6 /var/www/vendor/zircote/swagger-php/src/Generator.php(363): OpenApi\\Analysis->validate()
#7 /var/www/vendor/darkaonline/l5-swagger/src/Generator.php(189): OpenApi\\Generator->generate(Object(Symfony\\Component\\Finder\\Finder), Object(OpenApi\\Analysis))
#8 /var/www/vendor/darkaonline/l5-swagger/src/Generator.php(130): L5Swagger\\Generator->scanFilesForDocumentation()
#9 /var/www/vendor/darkaonline/l5-swagger/src/Console/GenerateDocsCommand.php(72): L5Swagger\\Generator->generateDocs()
#10 /var/www/vendor/darkaonline/l5-swagger/src/Console/GenerateDocsCommand.php(58): L5Swagger\\Console\\GenerateDocsCommand->generateDocumentation(Object(L5Swagger\\GeneratorFactory), 'default')
#11 /var/www/vendor/laravel/framework/src/Illuminate/Container/BoundMethod.php(36): L5Swagger\\Console\\GenerateDocsCommand->handle(Object(L5Swagger\\GeneratorFactory))
#12 /var/www/vendor/laravel/framework/src/Illuminate/Container/Util.php(40): Illuminate\\Container\\BoundMethod::Illuminate\\Container\\{closure}()
#13 /var/www/vendor/laravel/framework/src/Illuminate/Container/BoundMethod.php(93): Illuminate\\Container\\Util::unwrapIfClosure(Object(Closure))
#14 /var/www/vendor/laravel/framework/src/Illuminate/Container/BoundMethod.php(37): Illuminate\\Container\\BoundMethod::callBoundMethod(Object(Illuminate\\Foundation\\Application), Array, Object(Closure))
#15 /var/www/vendor/laravel/framework/src/Illuminate/Container/Container.php(653): Illuminate\\Container\\BoundMethod::call(Object(Illuminate\\Foundation\\Application), Array, Array, NULL)
#16 /var/www/vendor/laravel/framework/src/Illuminate/Console/Command.php(136): Illuminate\\Container\\Container->call(Array)
#17 /var/www/vendor/symfony/console/Command/Command.php(298): Illuminate\\Console\\Command->execute(Object(Symfony\\Component\\Console\\Input\\ArgvInput), Object(Illuminate\\Console\\OutputStyle))
#18 /var/www/vendor/laravel/framework/src/Illuminate/Console/Command.php(121): Symfony\\Component\\Console\\Command\\Command->run(Object(Symfony\\Component\\Console\\Input\\ArgvInput), Object(Illuminate\\Console\\OutputStyle))
#19 /var/www/vendor/symfony/console/Application.php(1015): Illuminate\\Console\\Command->run(Object(Symfony\\Component\\Console\\Input\\ArgvInput), Object(Symfony\\Component\\Console\\Output\\ConsoleOutput))
#20 /var/www/vendor/symfony/console/Application.php(299): Symfony\\Component\\Console\\Application->doRunCommand(Object(L5Swagger\\Console\\GenerateDocsCommand), Object(Symfony\\Component\\Console\\Input\\ArgvInput), Object(Symfony\\Component\\Console\\Output\\ConsoleOutput))
#21 /var/www/vendor/symfony/console/Application.php(171): Symfony\\Component\\Console\\Application->doRun(Object(Symfony\\Component\\Console\\Input\\ArgvInput), Object(Symfony\\Component\\Console\\Output\\ConsoleOutput))
#22 /var/www/vendor/laravel/framework/src/Illuminate/Console/Application.php(94): Symfony\\Component\\Console\\Application->run(Object(Symfony\\Component\\Console\\Input\\ArgvInput), Object(Symfony\\Component\\Console\\Output\\ConsoleOutput))
#23 /var/www/vendor/laravel/framework/src/Illuminate/Foundation/Console/Kernel.php(129): Illuminate\\Console\\Application->run(Object(Symfony\\Component\\Console\\Input\\ArgvInput), Object(Symfony\\Component\\Console\\Output\\ConsoleOutput))
#24 /var/www/artisan(37): Illuminate\\Foundation\\Console\\Kernel->handle(Object(Symfony\\Component\\Console\\Input\\ArgvInput), Object(Symfony\\Component\\Console\\Output\\ConsoleOutput))
#25 {main}
"} 
[2022-04-21 23:37:15] local.ERROR: Required @OA\PathItem() not found {"exception":"[object] (ErrorException(code: 0): Required @OA\\PathItem() not found at /var/www/vendor/zircote/swagger-php/src/Loggers/DefaultLogger.php:31)
[stacktrace]
#0 [internal function]: Illuminate\\Foundation\\Bootstrap\\HandleExceptions->handleError(512, 'Required @OA\\\\Pa...', '/var/www/vendor...', 31, Array)
#1 /var/www/vendor/zircote/swagger-php/src/Loggers/DefaultLogger.php(31): trigger_error('Required @OA\\\\Pa...', 512)
#2 /var/www/vendor/psr/log/Psr/Log/AbstractLogger.php(85): OpenApi\\Loggers\\DefaultLogger->log('warning', 'Required @OA\\\\Pa...', Array)
#3 /var/www/vendor/zircote/swagger-php/src/Annotations/AbstractAnnotation.php(478): Psr\\Log\\AbstractLogger->warning('Required @OA\\\\Pa...')
#4 /var/www/vendor/zircote/swagger-php/src/Annotations/OpenApi.php(151): OpenApi\\Annotations\\AbstractAnnotation->validate(Array, Array, '#', Object(stdClass))
#5 /var/www/vendor/zircote/swagger-php/src/Analysis.php(438): OpenApi\\Annotations\\OpenApi->validate()
#6 /var/www/vendor/zircote/swagger-php/src/Generator.php(363): OpenApi\\Analysis->validate()
#7 /var/www/vendor/darkaonline/l5-swagger/src/Generator.php(189): OpenApi\\Generator->generate(Object(Symfony\\Component\\Finder\\Finder), Object(OpenApi\\Analysis))
#8 /var/www/vendor/darkaonline/l5-swagger/src/Generator.php(130): L5Swagger\\Generator->scanFilesForDocumentation()
#9 /var/www/vendor/darkaonline/l5-swagger/src/Console/GenerateDocsCommand.php(72): L5Swagger\\Generator->generateDocs()
#10 /var/www/vendor/darkaonline/l5-swagger/src/Console/GenerateDocsCommand.php(58): L5Swagger\\Console\\GenerateDocsCommand->generateDocumentation(Object(L5Swagger\\GeneratorFactory), 'default')
#11 /var/www/vendor/laravel/framework/src/Illuminate/Container/BoundMethod.php(36): L5Swagger\\Console\\GenerateDocsCommand->handle(Object(L5Swagger\\GeneratorFactory))
#12 /var/www/vendor/laravel/framework/src/Illuminate/Container/Util.php(40): Illuminate\\Container\\BoundMethod::Illuminate\\Container\\{closure}()
#13 /var/www/vendor/laravel/framework/src/Illuminate/Container/BoundMethod.php(93): Illuminate\\Container\\Util::unwrapIfClosure(Object(Closure))
#14 /var/www/vendor/laravel/framework/src/Illuminate/Container/BoundMethod.php(37): Illuminate\\Container\\BoundMethod::callBoundMethod(Object(Illuminate\\Foundation\\Application), Array, Object(Closure))
#15 /var/www/vendor/laravel/framework/src/Illuminate/Container/Container.php(653): Illuminate\\Container\\BoundMethod::call(Object(Illuminate\\Foundation\\Application), Array, Array, NULL)
#16 /var/www/vendor/laravel/framework/src/Illuminate/Console/Command.php(136): Illuminate\\Container\\Container->call(Array)
#17 /var/www/vendor/symfony/console/Command/Command.php(298): Illuminate\\Console\\Command->execute(Object(Symfony\\Component\\Console\\Input\\ArgvInput), Object(Illuminate\\Console\\OutputStyle))
#18 /var/www/vendor/laravel/framework/src/Illuminate/Console/Command.php(121): Symfony\\Component\\Console\\Command\\Command->run(Object(Symfony\\Component\\Console\\Input\\ArgvInput), Object(Illuminate\\Console\\OutputStyle))
#19 /var/www/vendor/symfony/console/Application.php(1015): Illuminate\\Console\\Command->run(Object(Symfony\\Component\\Console\\Input\\ArgvInput), Object(Symfony\\Component\\Console\\Output\\ConsoleOutput))
#20 /var/www/vendor/symfony/console/Application.php(299): Symfony\\Component\\Console\\Application->doRunCommand(Object(L5Swagger\\Console\\GenerateDocsCommand), Object(Symfony\\Component\\Console\\Input\\ArgvInput), Object(Symfony\\Component\\Console\\Output\\ConsoleOutput))
#21 /var/www/vendor/symfony/console/Application.php(171): Symfony\\Component\\Console\\Application->doRun(Object(Symfony\\Component\\Console\\Input\\ArgvInput), Object(Symfony\\Component\\Console\\Output\\ConsoleOutput))
#22 /var/www/vendor/laravel/framework/src/Illuminate/Console/Application.php(94): Symfony\\Component\\Console\\Application->run(Object(Symfony\\Component\\Console\\Input\\ArgvInput), Object(Symfony\\Component\\Console\\Output\\ConsoleOutput))
#23 /var/www/vendor/laravel/framework/src/Illuminate/Foundation/Console/Kernel.php(129): Illuminate\\Console\\Application->run(Object(Symfony\\Component\\Console\\Input\\ArgvInput), Object(Symfony\\Component\\Console\\Output\\ConsoleOutput))
#24 /var/www/artisan(37): Illuminate\\Foundation\\Console\\Kernel->handle(Object(Symfony\\Component\\Console\\Input\\ArgvInput), Object(Symfony\\Component\\Console\\Output\\ConsoleOutput))
#25 {main}
"} 
[2022-04-21 23:37:26] local.ERROR: Required @OA\PathItem() not found {"exception":"[object] (ErrorException(code: 0): Required @OA\\PathItem() not found at /var/www/vendor/zircote/swagger-php/src/Loggers/DefaultLogger.php:31)
[stacktrace]
#0 [internal function]: Illuminate\\Foundation\\Bootstrap\\HandleExceptions->handleError(512, 'Required @OA\\\\Pa...', '/var/www/vendor...', 31, Array)
#1 /var/www/vendor/zircote/swagger-php/src/Loggers/DefaultLogger.php(31): trigger_error('Required @OA\\\\Pa...', 512)
#2 /var/www/vendor/psr/log/Psr/Log/AbstractLogger.php(85): OpenApi\\Loggers\\DefaultLogger->log('warning', 'Required @OA\\\\Pa...', Array)
#3 /var/www/vendor/zircote/swagger-php/src/Annotations/AbstractAnnotation.php(478): Psr\\Log\\AbstractLogger->warning('Required @OA\\\\Pa...')
#4 /var/www/vendor/zircote/swagger-php/src/Annotations/OpenApi.php(151): OpenApi\\Annotations\\AbstractAnnotation->validate(Array, Array, '#', Object(stdClass))
#5 /var/www/vendor/zircote/swagger-php/src/Analysis.php(438): OpenApi\\Annotations\\OpenApi->validate()
#6 /var/www/vendor/zircote/swagger-php/src/Generator.php(363): OpenApi\\Analysis->validate()
#7 /var/www/vendor/darkaonline/l5-swagger/src/Generator.php(189): OpenApi\\Generator->generate(Object(Symfony\\Component\\Finder\\Finder), Object(OpenApi\\Analysis))
#8 /var/www/vendor/darkaonline/l5-swagger/src/Generator.php(130): L5Swagger\\Generator->scanFilesForDocumentation()
#9 /var/www/vendor/darkaonline/l5-swagger/src/Console/GenerateDocsCommand.php(72): L5Swagger\\Generator->generateDocs()
#10 /var/www/vendor/darkaonline/l5-swagger/src/Console/GenerateDocsCommand.php(58): L5Swagger\\Console\\GenerateDocsCommand->generateDocumentation(Object(L5Swagger\\GeneratorFactory), 'default')
#11 /var/www/vendor/laravel/framework/src/Illuminate/Container/BoundMethod.php(36): L5Swagger\\Console\\GenerateDocsCommand->handle(Object(L5Swagger\\GeneratorFactory))
#12 /var/www/vendor/laravel/framework/src/Illuminate/Container/Util.php(40): Illuminate\\Container\\BoundMethod::Illuminate\\Container\\{closure}()
#13 /var/www/vendor/laravel/framework/src/Illuminate/Container/BoundMethod.php(93): Illuminate\\Container\\Util::unwrapIfClosure(Object(Closure))
#14 /var/www/vendor/laravel/framework/src/Illuminate/Container/BoundMethod.php(37): Illuminate\\Container\\BoundMethod::callBoundMethod(Object(Illuminate\\Foundation\\Application), Array, Object(Closure))
#15 /var/www/vendor/laravel/framework/src/Illuminate/Container/Container.php(653): Illuminate\\Container\\BoundMethod::call(Object(Illuminate\\Foundation\\Application), Array, Array, NULL)
#16 /var/www/vendor/laravel/framework/src/Illuminate/Console/Command.php(136): Illuminate\\Container\\Container->call(Array)
#17 /var/www/vendor/symfony/console/Command/Command.php(298): Illuminate\\Console\\Command->execute(Object(Symfony\\Component\\Console\\Input\\ArgvInput), Object(Illuminate\\Console\\OutputStyle))
#18 /var/www/vendor/laravel/framework/src/Illuminate/Console/Command.php(121): Symfony\\Component\\Console\\Command\\Command->run(Object(Symfony\\Component\\Console\\Input\\ArgvInput), Object(Illuminate\\Console\\OutputStyle))
#19 /var/www/vendor/symfony/console/Application.php(1015): Illuminate\\Console\\Command->run(Object(Symfony\\Component\\Console\\Input\\ArgvInput), Object(Symfony\\Component\\Console\\Output\\ConsoleOutput))
#20 /var/www/vendor/symfony/console/Application.php(299): Symfony\\Component\\Console\\Application->doRunCommand(Object(L5Swagger\\Console\\GenerateDocsCommand), Object(Symfony\\Component\\Console\\Input\\ArgvInput), Object(Symfony\\Component\\Console\\Output\\ConsoleOutput))
#21 /var/www/vendor/symfony/console/Application.php(171): Symfony\\Component\\Console\\Application->doRun(Object(Symfony\\Component\\Console\\Input\\ArgvInput), Object(Symfony\\Component\\Console\\Output\\ConsoleOutput))
#22 /var/www/vendor/laravel/framework/src/Illuminate/Console/Application.php(94): Symfony\\Component\\Console\\Application->run(Object(Symfony\\Component\\Console\\Input\\ArgvInput), Object(Symfony\\Component\\Console\\Output\\ConsoleOutput))
#23 /var/www/vendor/laravel/framework/src/Illuminate/Foundation/Console/Kernel.php(129): Illuminate\\Console\\Application->run(Object(Symfony\\Component\\Console\\Input\\ArgvInput), Object(Symfony\\Component\\Console\\Output\\ConsoleOutput))
#24 /var/www/artisan(37): Illuminate\\Foundation\\Console\\Kernel->handle(Object(Symfony\\Component\\Console\\Input\\ArgvInput), Object(Symfony\\Component\\Console\\Output\\ConsoleOutput))
#25 {main}
"} 
[2022-04-21 23:37:28] local.ERROR: Required @OA\PathItem() not found {"exception":"[object] (ErrorException(code: 0): Required @OA\\PathItem() not found at /var/www/vendor/zircote/swagger-php/src/Loggers/DefaultLogger.php:31)
[stacktrace]
#0 [internal function]: Illuminate\\Foundation\\Bootstrap\\HandleExceptions->handleError(512, 'Required @OA\\\\Pa...', '/var/www/vendor...', 31, Array)
#1 /var/www/vendor/zircote/swagger-php/src/Loggers/DefaultLogger.php(31): trigger_error('Required @OA\\\\Pa...', 512)
#2 /var/www/vendor/psr/log/Psr/Log/AbstractLogger.php(85): OpenApi\\Loggers\\DefaultLogger->log('warning', 'Required @OA\\\\Pa...', Array)
#3 /var/www/vendor/zircote/swagger-php/src/Annotations/AbstractAnnotation.php(478): Psr\\Log\\AbstractLogger->warning('Required @OA\\\\Pa...')
#4 /var/www/vendor/zircote/swagger-php/src/Annotations/OpenApi.php(151): OpenApi\\Annotations\\AbstractAnnotation->validate(Array, Array, '#', Object(stdClass))
#5 /var/www/vendor/zircote/swagger-php/src/Analysis.php(438): OpenApi\\Annotations\\OpenApi->validate()
#6 /var/www/vendor/zircote/swagger-php/src/Generator.php(363): OpenApi\\Analysis->validate()
#7 /var/www/vendor/darkaonline/l5-swagger/src/Generator.php(189): OpenApi\\Generator->generate(Object(Symfony\\Component\\Finder\\Finder), Object(OpenApi\\Analysis))
#8 /var/www/vendor/darkaonline/l5-swagger/src/Generator.php(130): L5Swagger\\Generator->scanFilesForDocumentation()
#9 /var/www/vendor/darkaonline/l5-swagger/src/Console/GenerateDocsCommand.php(72): L5Swagger\\Generator->generateDocs()
#10 /var/www/vendor/darkaonline/l5-swagger/src/Console/GenerateDocsCommand.php(58): L5Swagger\\Console\\GenerateDocsCommand->generateDocumentation(Object(L5Swagger\\GeneratorFactory), 'default')
#11 /var/www/vendor/laravel/framework/src/Illuminate/Container/BoundMethod.php(36): L5Swagger\\Console\\GenerateDocsCommand->handle(Object(L5Swagger\\GeneratorFactory))
#12 /var/www/vendor/laravel/framework/src/Illuminate/Container/Util.php(40): Illuminate\\Container\\BoundMethod::Illuminate\\Container\\{closure}()
#13 /var/www/vendor/laravel/framework/src/Illuminate/Container/BoundMethod.php(93): Illuminate\\Container\\Util::unwrapIfClosure(Object(Closure))
#14 /var/www/vendor/laravel/framework/src/Illuminate/Container/BoundMethod.php(37): Illuminate\\Container\\BoundMethod::callBoundMethod(Object(Illuminate\\Foundation\\Application), Array, Object(Closure))
#15 /var/www/vendor/laravel/framework/src/Illuminate/Container/Container.php(653): Illuminate\\Container\\BoundMethod::call(Object(Illuminate\\Foundation\\Application), Array, Array, NULL)
#16 /var/www/vendor/laravel/framework/src/Illuminate/Console/Command.php(136): Illuminate\\Container\\Container->call(Array)
#17 /var/www/vendor/symfony/console/Command/Command.php(298): Illuminate\\Console\\Command->execute(Object(Symfony\\Component\\Console\\Input\\ArgvInput), Object(Illuminate\\Console\\OutputStyle))
#18 /var/www/vendor/laravel/framework/src/Illuminate/Console/Command.php(121): Symfony\\Component\\Console\\Command\\Command->run(Object(Symfony\\Component\\Console\\Input\\ArgvInput), Object(Illuminate\\Console\\OutputStyle))
#19 /var/www/vendor/symfony/console/Application.php(1015): Illuminate\\Console\\Command->run(Object(Symfony\\Component\\Console\\Input\\ArgvInput), Object(Symfony\\Component\\Console\\Output\\ConsoleOutput))
#20 /var/www/vendor/symfony/console/Application.php(299): Symfony\\Component\\Console\\Application->doRunCommand(Object(L5Swagger\\Console\\GenerateDocsCommand), Object(Symfony\\Component\\Console\\Input\\ArgvInput), Object(Symfony\\Component\\Console\\Output\\ConsoleOutput))
#21 /var/www/vendor/symfony/console/Application.php(171): Symfony\\Component\\Console\\Application->doRun(Object(Symfony\\Component\\Console\\Input\\ArgvInput), Object(Symfony\\Component\\Console\\Output\\ConsoleOutput))
#22 /var/www/vendor/laravel/framework/src/Illuminate/Console/Application.php(94): Symfony\\Component\\Console\\Application->run(Object(Symfony\\Component\\Console\\Input\\ArgvInput), Object(Symfony\\Component\\Console\\Output\\ConsoleOutput))
#23 /var/www/vendor/laravel/framework/src/Illuminate/Foundation/Console/Kernel.php(129): Illuminate\\Console\\Application->run(Object(Symfony\\Component\\Console\\Input\\ArgvInput), Object(Symfony\\Component\\Console\\Output\\ConsoleOutput))
#24 /var/www/artisan(37): Illuminate\\Foundation\\Console\\Kernel->handle(Object(Symfony\\Component\\Console\\Input\\ArgvInput), Object(Symfony\\Component\\Console\\Output\\ConsoleOutput))
#25 {main}
"} 
[2022-04-21 23:39:15] local.ERROR: Invalid value "json" for @OA\Response()->response, expecting "default", a HTTP Status Code or HTTP Status Code range definition in \App\Http\Controllers\Api\V1\AuthController->login() in /var/www/app/Http/Controllers/Api/V1/AuthController.php on line 38 {"exception":"[object] (ErrorException(code: 0): Invalid value \"json\" for @OA\\Response()->response, expecting \"default\", a HTTP Status Code or HTTP Status Code range definition in \\App\\Http\\Controllers\\Api\\V1\\AuthController->login() in /var/www/app/Http/Controllers/Api/V1/AuthController.php on line 38 at /var/www/vendor/zircote/swagger-php/src/Loggers/DefaultLogger.php:31)
[stacktrace]
#0 [internal function]: Illuminate\\Foundation\\Bootstrap\\HandleExceptions->handleError(512, 'Invalid value \"...', '/var/www/vendor...', 31, Array)
#1 /var/www/vendor/zircote/swagger-php/src/Loggers/DefaultLogger.php(31): trigger_error('Invalid value \"...', 512)
#2 /var/www/vendor/psr/log/Psr/Log/AbstractLogger.php(85): OpenApi\\Loggers\\DefaultLogger->log('warning', 'Invalid value \"...', Array)
#3 /var/www/vendor/zircote/swagger-php/src/Annotations/Operation.php(227): Psr\\Log\\AbstractLogger->warning('Invalid value \"...')
#4 /var/www/vendor/zircote/swagger-php/src/Annotations/AbstractAnnotation.php(531): OpenApi\\Annotations\\Operation->validate(Array, Array, '#/paths/0/get', Object(stdClass))
#5 /var/www/vendor/zircote/swagger-php/src/Annotations/AbstractAnnotation.php(504): OpenApi\\Annotations\\AbstractAnnotation::_validate(Object(OpenApi\\Annotations\\PathItem), Array, Array, '#/paths/0', Object(stdClass))
#6 /var/www/vendor/zircote/swagger-php/src/Annotations/AbstractAnnotation.php(531): OpenApi\\Annotations\\AbstractAnnotation->validate(Array, Array, '#/paths/0', Object(stdClass))
#7 /var/www/vendor/zircote/swagger-php/src/Annotations/AbstractAnnotation.php(537): OpenApi\\Annotations\\AbstractAnnotation::_validate(Array, Array, Array, '#/paths', Object(stdClass))
#8 /var/www/vendor/zircote/swagger-php/src/Annotations/AbstractAnnotation.php(504): OpenApi\\Annotations\\AbstractAnnotation::_validate(Object(OpenApi\\Annotations\\OpenApi), Array, Array, '#', Object(stdClass))
#9 /var/www/vendor/zircote/swagger-php/src/Annotations/OpenApi.php(151): OpenApi\\Annotations\\AbstractAnnotation->validate(Array, Array, '#', Object(stdClass))
#10 /var/www/vendor/zircote/swagger-php/src/Analysis.php(438): OpenApi\\Annotations\\OpenApi->validate()
#11 /var/www/vendor/zircote/swagger-php/src/Generator.php(363): OpenApi\\Analysis->validate()
#12 /var/www/vendor/darkaonline/l5-swagger/src/Generator.php(189): OpenApi\\Generator->generate(Object(Symfony\\Component\\Finder\\Finder), Object(OpenApi\\Analysis))
#13 /var/www/vendor/darkaonline/l5-swagger/src/Generator.php(130): L5Swagger\\Generator->scanFilesForDocumentation()
#14 /var/www/vendor/darkaonline/l5-swagger/src/Console/GenerateDocsCommand.php(72): L5Swagger\\Generator->generateDocs()
#15 /var/www/vendor/darkaonline/l5-swagger/src/Console/GenerateDocsCommand.php(58): L5Swagger\\Console\\GenerateDocsCommand->generateDocumentation(Object(L5Swagger\\GeneratorFactory), 'default')
#16 /var/www/vendor/laravel/framework/src/Illuminate/Container/BoundMethod.php(36): L5Swagger\\Console\\GenerateDocsCommand->handle(Object(L5Swagger\\GeneratorFactory))
#17 /var/www/vendor/laravel/framework/src/Illuminate/Container/Util.php(40): Illuminate\\Container\\BoundMethod::Illuminate\\Container\\{closure}()
#18 /var/www/vendor/laravel/framework/src/Illuminate/Container/BoundMethod.php(93): Illuminate\\Container\\Util::unwrapIfClosure(Object(Closure))
#19 /var/www/vendor/laravel/framework/src/Illuminate/Container/BoundMethod.php(37): Illuminate\\Container\\BoundMethod::callBoundMethod(Object(Illuminate\\Foundation\\Application), Array, Object(Closure))
#20 /var/www/vendor/laravel/framework/src/Illuminate/Container/Container.php(653): Illuminate\\Container\\BoundMethod::call(Object(Illuminate\\Foundation\\Application), Array, Array, NULL)
#21 /var/www/vendor/laravel/framework/src/Illuminate/Console/Command.php(136): Illuminate\\Container\\Container->call(Array)
#22 /var/www/vendor/symfony/console/Command/Command.php(298): Illuminate\\Console\\Command->execute(Object(Symfony\\Component\\Console\\Input\\ArgvInput), Object(Illuminate\\Console\\OutputStyle))
#23 /var/www/vendor/laravel/framework/src/Illuminate/Console/Command.php(121): Symfony\\Component\\Console\\Command\\Command->run(Object(Symfony\\Component\\Console\\Input\\ArgvInput), Object(Illuminate\\Console\\OutputStyle))
#24 /var/www/vendor/symfony/console/Application.php(1015): Illuminate\\Console\\Command->run(Object(Symfony\\Component\\Console\\Input\\ArgvInput), Object(Symfony\\Component\\Console\\Output\\ConsoleOutput))
#25 /var/www/vendor/symfony/console/Application.php(299): Symfony\\Component\\Console\\Application->doRunCommand(Object(L5Swagger\\Console\\GenerateDocsCommand), Object(Symfony\\Component\\Console\\Input\\ArgvInput), Object(Symfony\\Component\\Console\\Output\\ConsoleOutput))
#26 /var/www/vendor/symfony/console/Application.php(171): Symfony\\Component\\Console\\Application->doRun(Object(Symfony\\Component\\Console\\Input\\ArgvInput), Object(Symfony\\Component\\Console\\Output\\ConsoleOutput))
#27 /var/www/vendor/laravel/framework/src/Illuminate/Console/Application.php(94): Symfony\\Component\\Console\\Application->run(Object(Symfony\\Component\\Console\\Input\\ArgvInput), Object(Symfony\\Component\\Console\\Output\\ConsoleOutput))
#28 /var/www/vendor/laravel/framework/src/Illuminate/Foundation/Console/Kernel.php(129): Illuminate\\Console\\Application->run(Object(Symfony\\Component\\Console\\Input\\ArgvInput), Object(Symfony\\Component\\Console\\Output\\ConsoleOutput))
#29 /var/www/artisan(37): Illuminate\\Foundation\\Console\\Kernel->handle(Object(Symfony\\Component\\Console\\Input\\ArgvInput), Object(Symfony\\Component\\Console\\Output\\ConsoleOutput))
#30 {main}
"} 
